SLF4J: Failed to load class "org.slf4j.impl.StaticLoggerBinder".
SLF4J: Defaulting to no-operation (NOP) logger implementation
SLF4J: See http://www.slf4j.org/codes.html#StaticLoggerBinder for further details.
2023-01-11 16:13:35.625/1.719 Oracle Coherence 12.2.1.4.0 <Info> (thread=main, member=n/a): Loaded operational configuration from "jar:file:/C:/Oracle/Middleware/Oracle_Home/coherence/lib/coherence.jar!/tangosol-coherence.xml"
2023-01-11 16:13:35.662/1.756 Oracle Coherence 12.2.1.4.0 <Info> (thread=main, member=n/a): Loaded operational overrides from "jar:file:/C:/Oracle/Middleware/Oracle_Home/coherence/lib/coherence.jar!/tangosol-coherence-override-dev.xml"
2023-01-11 16:13:35.664/1.758 Oracle Coherence 12.2.1.4.0 <Info> (thread=main, member=n/a): Optional configuration override "/tangosol-coherence-override.xml" is not specified
2023-01-11 16:13:35.666/1.760 Oracle Coherence 12.2.1.4.0 <Info> (thread=main, member=n/a): Optional configuration override "cache-factory-config.xml" is not specified
2023-01-11 16:13:35.668/1.762 Oracle Coherence 12.2.1.4.0 <Info> (thread=main, member=n/a): Optional configuration override "cache-factory-builder-config.xml" is not specified
2023-01-11 16:13:35.669/1.763 Oracle Coherence 12.2.1.4.0 <Info> (thread=main, member=n/a): Optional configuration override "/custom-mbeans.xml" is not specified

Oracle Coherence Version 12.2.1.4.0 Build 74888
 Grid Edition: Development mode
Copyright (c) 2000, 2019, Oracle and/or its affiliates. All rights reserved.

2023-01-11 16:13:36.458/2.551 Oracle Coherence GE 12.2.1.4.0 <Info> (thread=main, member=n/a): The cluster name has not been configured, a value of "Usuario's cluster" has been automatically generated
2023-01-11 16:13:37.053/3.146 Oracle Coherence GE 12.2.1.4.0 <Info> (thread=main, member=n/a): Created cache factory com.tangosol.net.ExtensibleConfigurableCacheFactory
ene 11, 2023 4:13:37 PM oracle.soa.scac.ValidateComposite loadWSDLs
ADVERTENCIA: Validating WSDLs from WSDLManager....  with option UseSoaInfraMds:false
ene 11, 2023 4:13:37 PM oracle.fabric.common.wsdl.SchemaManager isIncrementalBuildSupported
INFORMACIÓN: XMLSchema incremental build enabled.
ADVERTENCIA: Failed to load WSDL from file:/C:/JDeveloper/mywork/BPEL_P2/BPEL_P2_parte1/SOA/BPEL/ComparadorArtifacts.wsdl due to: Error al obtener el flujo de entrada XML: file:/C:/JDeveloper/mywork/BPEL_P2/BPEL_P2_parte1/SOA/BPEL/ComparadorArtifacts.wsdl: C:\JDeveloper\mywork\BPEL_P2\BPEL_P2_parte1\SOA\BPEL\ComparadorArtifacts.wsdl (El sistema no puede encontrar el archivo especificado)Will retry to load
GRAVE:  failed to parse wsdl from file:/C:/JDeveloper/mywork/BPEL_P2/BPEL_P2_parte1/SOA/BPEL/ComparadorArtifacts.wsdl : 

Java HotSpot(TM) 64-Bit Server VM warning: ignoring option PermSize=32m; support was removed in 8.0
Java HotSpot(TM) 64-Bit Server VM warning: ignoring option MaxPermSize=256m; support was removed in 8.0
